<?xml version="1.0" encoding="UTF-8"?>
<testng-results ignored="0" total="1" passed="1" failed="0" skipped="0">
  <reporter-output>
  </reporter-output>
  <suite started-at="2023-08-08T15:42:48 IST" name="Default suite" finished-at="2023-08-08T15:43:02 IST" duration-ms="13832">
    <groups>
    </groups>
    <test started-at="2023-08-08T15:42:48 IST" name="Default test" finished-at="2023-08-08T15:43:02 IST" duration-ms="13832">
      <class name="com.capstone.suite.UseCase1">
        <test-method is-config="true" signature="beforeclass()[pri:0, instance:com.capstone.suite.UseCase1@d29f28]" started-at="2023-08-08T15:42:48 IST" name="beforeclass" finished-at="2023-08-08T15:42:56 IST" duration-ms="7657" status="PASS">
          <reporter-output>
          </reporter-output>
        </test-method> <!-- beforeclass -->
        <test-method signature="HandlingMenuItems()[pri:0, instance:com.capstone.suite.UseCase1@d29f28]" started-at="2023-08-08T15:42:56 IST" name="HandlingMenuItems" finished-at="2023-08-08T15:42:58 IST" duration-ms="2926" status="PASS">
          <reporter-output>
          </reporter-output>
        </test-method> <!-- HandlingMenuItems -->
        <test-method is-config="true" signature="afterclass()[pri:0, instance:com.capstone.suite.UseCase1@d29f28]" started-at="2023-08-08T15:42:58 IST" name="afterclass" finished-at="2023-08-08T15:43:02 IST" duration-ms="3218" status="PASS">
          <reporter-output>
          </reporter-output>
        </test-method> <!-- afterclass -->
      </class> <!-- com.capstone.suite.UseCase1 -->
    </test> <!-- Default test -->
  </suite> <!-- Default suite -->
</testng-results>
